<?xml version="1.0" encoding="UTF-8"?>
<testsuite xmlns:xsi="http://www.w3.org/2001/XMLSchema-instance" xsi:noNamespaceSchemaLocation="https://maven.apache.org/surefire/maven-surefire-plugin/xsd/surefire-test-report.xsd" version="3.0.1" name="IntegrationTests" time="0.058" tests="5" errors="0" skipped="0" failures="0">
  <properties>
[...]
</properties>
  <testcase name="testDatabaseConnectionStub" classname="IntegrationTests" time="0.019">
    <system-out><![CDATA[Pretending to test DB connection...
]]></system-out>
  </testcase>
  <testcase name="testDummyDeploymentCheck" classname="IntegrationTests" time="0.002">
    <system-out><![CDATA[Running dummy integration test...
]]></system-out>
  </testcase>
  <testcase name="testHomePageLoads" classname="IntegrationTests" time="0.003">
    <system-out><![CDATA[Testing if home page loads...
]]></system-out>
  </testcase>
  <testcase name="testDeploymentStatus" classname="IntegrationTests" time="0.003">
    <system-out><![CDATA[Checking if deployment flag is true...
]]></system-out>
  </testcase>
  <testcase name="testApiResponseFormat" classname="IntegrationTests" time="0.003">
    <system-out><![CDATA[Checking fake API response format...
]]></system-out>
  </testcase>
</testsuite>